[2018-10-21T03:12:04.347Z] info: Node Server running at port:5000
[2018-10-21T03:12:07.115Z] info:  ip= ::1  method= GET  route= / 
[2018-10-21T05:57:41.357Z] info: Node Server running at port:5000
[2018-10-21T05:57:50.704Z] info:  ip= ::1  method= GET  route= / 
[2018-10-21T05:57:51.037Z] info:  ip= ::1  method= GET  route= * 
[2018-10-21T05:57:51.215Z] info:  ip= ::1  method= GET  route= * 
[2018-10-21T05:57:51.224Z] info:  ip= ::1  method= GET  route= * 
[2018-10-21T05:58:44.513Z] info:  ip= ::1  method= GET  route= * 
[2018-10-21T06:00:32.876Z] info:  ip= ::1  method= GET  route= / 
[2018-10-21T06:00:33.502Z] info:  ip= ::1  method= GET  route= * 
[2018-10-21T06:00:33.506Z] info:  ip= ::1  method= GET  route= * 
[2018-10-21T06:00:34.318Z] info:  ip= ::1  method= GET  route= * 
[2018-10-21T06:04:18.181Z] info:  ip= ::1  method= GET  route= / 
[2018-10-21T06:04:19.223Z] info:  ip= ::1  method= GET  route= * 
[2018-10-21T06:04:19.229Z] info:  ip= ::1  method= GET  route= * 
[2018-10-21T06:04:20.159Z] info:  ip= ::1  method= GET  route= * 
[2018-10-21T08:49:22.798Z] info:  ip= ::1  method= GET  route= / 
[2018-10-21T08:49:23.299Z] info:  ip= ::1  method= GET  route= * 
[2018-10-21T08:49:23.302Z] info:  ip= ::1  method= GET  route= * 
[2018-10-21T08:51:42.298Z] info:  ip= ::1  method= GET  route= / 
[2018-10-21T08:51:42.813Z] info:  ip= ::1  method= GET  route= * 
[2018-10-21T08:51:42.816Z] info:  ip= ::1  method= GET  route= * 
[2018-10-21T08:52:34.271Z] info:  ip= ::1  method= GET  route= / 
[2018-10-21T08:52:34.788Z] info:  ip= ::1  method= GET  route= * 
[2018-10-21T08:52:34.801Z] info:  ip= ::1  method= GET  route= * 
[2018-10-21T08:53:04.066Z] info:  ip= ::1  method= GET  route= * 
[2018-10-21T08:53:54.729Z] info:  ip= ::1  method= GET  route= / 
[2018-10-21T08:53:55.411Z] info:  ip= ::1  method= GET  route= * 
[2018-10-21T08:53:55.415Z] info:  ip= ::1  method= GET  route= * 
[2018-10-21T08:53:56.246Z] info:  ip= ::1  method= GET  route= * 
[2018-10-21T08:57:02.393Z] info:  ip= ::1  method= GET  route= / 
[2018-10-21T08:57:03.578Z] info:  ip= ::1  method= GET  route= * 
[2018-10-21T08:57:03.580Z] info:  ip= ::1  method= GET  route= * 
[2018-10-21T08:57:04.375Z] info:  ip= ::1  method= GET  route= * 
[2018-10-21T09:00:46.092Z] info:  ip= ::1  method= GET  route= / 
[2018-10-21T09:00:47.274Z] info:  ip= ::1  method= GET  route= * 
[2018-10-21T09:00:47.420Z] info:  ip= ::1  method= GET  route= * 
[2018-10-21T09:00:48.232Z] info:  ip= ::1  method= GET  route= * 
[2018-10-21T09:02:33.206Z] info:  ip= ::1  method= GET  route= / 
[2018-10-21T09:02:33.705Z] info:  ip= ::1  method= GET  route= * 
[2018-10-21T09:02:33.716Z] info:  ip= ::1  method= GET  route= * 
[2018-10-21T09:04:40.416Z] info:  ip= ::1  method= GET  route= / 
[2018-10-21T09:04:41.447Z] info:  ip= ::1  method= GET  route= * 
[2018-10-21T09:04:41.555Z] info:  ip= ::1  method= GET  route= * 
[2018-10-21T09:05:00.106Z] info:  ip= ::1  method= GET  route= / 
[2018-10-21T09:05:00.525Z] info:  ip= ::1  method= GET  route= * 
[2018-10-21T09:05:00.531Z] info:  ip= ::1  method= GET  route= * 
[2018-10-21T09:07:57.237Z] info:  ip= ::1  method= GET  route= / 
[2018-10-21T09:08:43.952Z] info:  ip= ::1  method= GET  route= /about 
[2018-10-21T09:08:51.472Z] info:  ip= ::1  method= GET  route= /hospital 
[2018-10-21T09:08:53.649Z] info:  ip= ::1  method= GET  route= * 
[2018-10-21T09:09:23.094Z] info:  ip= ::1  method= GET  route= / 
[2018-10-21T09:12:18.949Z] info:  ip= ::1  method= GET  route= / 
[2018-10-21T09:16:21.954Z] info:  ip= ::1  method= GET  route= / 
[2018-10-21T09:16:59.248Z] info:  ip= ::1  method= GET  route= / 
[2018-10-21T09:17:02.948Z] info:  ip= ::1  method= GET  route= /contact 
[2018-10-21T09:26:44.827Z] info:  ip= ::1  method= GET  route= /hospital 
[2018-10-21T09:26:48.933Z] info:  ip= ::1  method= GET  route= * 
[2018-10-21T09:27:31.668Z] info:  ip= ::1  method= GET  route= /hospital 
[2018-10-21T09:30:00.436Z] info:  ip= ::1  method= GET  route= * 
[2018-10-21T09:30:06.421Z] info:  ip= ::1  method= GET  route= /hospital 
[2018-10-21T10:08:57.221Z] info:  ip= ::1  method= GET  route= /about 
[2018-10-21T10:08:59.340Z] info:  ip= ::1  method= GET  route= / 
[2018-10-21T10:10:03.883Z] info:  ip= 192.168.0.2  method= GET  route= / 
[2018-10-21T10:10:09.715Z] info:  ip= 192.168.0.2  method= GET  route= * 
[2018-10-21T10:10:21.378Z] info:  ip= 192.168.0.2  method= GET  route= * 
[2018-10-21T10:15:46.492Z] info:  ip= ::1  method= GET  route= / 
[2018-10-21T10:15:52.325Z] info:  ip= ::1  method= GET  route= /about 
[2018-10-21T10:15:58.144Z] info:  ip= ::1  method= GET  route= /about 
[2018-10-21T10:16:01.299Z] info:  ip= ::1  method= GET  route= /about 
[2018-10-21T10:17:17.080Z] info:  ip= ::1  method= GET  route= / 
[2018-10-21T10:17:20.719Z] info:  ip= ::1  method= GET  route= / 
[2018-10-21T10:17:23.485Z] info:  ip= ::1  method= GET  route= /about 
[2018-10-21T10:20:18.779Z] info:  ip= ::1  method= GET  route= / 
[2018-10-21T10:21:02.468Z] info:  ip= ::1  method= GET  route= / 
[2018-10-21T10:21:34.095Z] info:  ip= ::1  method= GET  route= / 
[2018-10-21T10:22:11.389Z] info:  ip= ::1  method= GET  route= / 
[2018-10-21T10:22:46.961Z] info:  ip= ::1  method= GET  route= / 
[2018-10-21T10:22:57.820Z] info:  ip= ::1  method= GET  route= /about 
[2018-10-21T10:23:35.988Z] info:  ip= ::1  method= GET  route= / 
[2018-10-21T10:24:22.900Z] info:  ip= 192.168.0.3  method= GET  route= / 
[2018-10-21T10:24:26.111Z] info:  ip= 192.168.0.3  method= GET  route= * 
[2018-10-21T10:24:57.054Z] info:  ip= ::1  method= GET  route= / 
[2018-10-21T10:26:30.598Z] info:  ip= ::1  method= GET  route= / 
[2018-10-21T10:27:06.932Z] info:  ip= ::1  method= GET  route= / 
[2018-10-21T10:28:57.742Z] info:  ip= 192.168.0.3  method= GET  route= / 
[2018-10-21T10:28:57.836Z] info:  ip= 192.168.0.3  method= GET  route= * 
[2018-10-21T10:29:36.696Z] info:  ip= ::1  method= GET  route= / 
[2018-10-21T10:29:42.245Z] info:  ip= 192.168.0.3  method= GET  route= / 
[2018-10-21T10:29:42.275Z] info:  ip= 192.168.0.3  method= GET  route= * 
[2018-10-21T10:30:42.215Z] info:  ip= 192.168.0.2  method= GET  route= / 
[2018-10-21T10:30:46.589Z] info:  ip= 192.168.0.2  method= GET  route= * 
[2018-10-21T10:31:16.805Z] info:  ip= 192.168.0.2  method= GET  route= * 
[2018-10-21T10:31:26.139Z] info:  ip= 192.168.0.2  method= GET  route= / 
[2018-10-21T10:31:27.202Z] info:  ip= 192.168.0.2  method= GET  route= * 
[2018-10-21T10:31:31.106Z] info:  ip= 192.168.0.2  method= GET  route= / 
[2018-10-21T10:31:32.396Z] info:  ip= 192.168.0.2  method= GET  route= * 
[2018-10-21T10:31:55.753Z] info:  ip= ::1  method= GET  route= * 
[2018-10-21T10:34:26.912Z] info: Node Server running at port:5000
[2018-10-21T10:34:30.089Z] info:  ip= ::1  method= GET  route= /education 
[2018-10-21T10:35:05.042Z] info:  ip= ::1  method= GET  route= /education 
[2018-10-21T10:36:22.664Z] info:  ip= ::1  method= GET  route= /education 
[2018-10-21T10:37:02.101Z] info:  ip= ::1  method= GET  route= /education 
[2018-10-21T10:48:30.984Z] info: Node Server running at port:5000
[2018-10-21T10:48:43.821Z] info:  ip= ::1  method= GET  route= /course 
[2018-10-21T10:52:17.943Z] info:  ip= ::1  method= GET  route= / 
[2018-10-21T10:55:41.869Z] info:  ip= ::1  method= GET  route= / 
[2018-10-21T10:55:58.324Z] info:  ip= ::1  method= GET  route= * 
[2018-10-21T10:56:49.885Z] info:  ip= ::1  method= GET  route= / 
[2018-10-21T10:56:51.371Z] info:  ip= ::1  method= GET  route= * 
[2018-10-21T10:57:34.524Z] info:  ip= ::1  method= GET  route= / 
[2018-10-21T10:57:35.896Z] info:  ip= ::1  method= GET  route= * 
[2018-10-21T10:57:50.221Z] info:  ip= ::1  method= GET  route= / 
[2018-10-21T10:57:51.484Z] info:  ip= ::1  method= GET  route= * 
[2018-10-21T10:58:02.885Z] info:  ip= ::1  method= GET  route= / 
[2018-10-21T10:58:04.273Z] info:  ip= ::1  method= GET  route= * 
[2018-10-21T10:58:35.826Z] info:  ip= 192.168.0.3  method= GET  route= / 
[2018-10-21T10:58:36.034Z] info:  ip= 192.168.0.3  method= GET  route= * 
[2018-10-21T10:59:16.959Z] info:  ip= ::1  method= GET  route= / 
[2018-10-21T10:59:18.195Z] info:  ip= ::1  method= GET  route= * 
[2018-10-21T10:59:27.422Z] info:  ip= ::1  method= GET  route= / 
[2018-10-21T10:59:28.647Z] info:  ip= ::1  method= GET  route= * 
[2018-10-21T10:59:36.069Z] info:  ip= ::1  method= GET  route= / 
[2018-10-21T10:59:37.328Z] info:  ip= ::1  method= GET  route= * 
[2018-10-21T11:00:26.671Z] info:  ip= 192.168.0.3  method= GET  route= / 
[2018-10-21T11:00:26.749Z] info:  ip= 192.168.0.3  method= GET  route= * 
[2018-10-21T11:01:23.576Z] info:  ip= ::1  method= GET  route= / 
[2018-10-21T11:01:25.430Z] info:  ip= ::1  method= GET  route= * 
